<?xml version="1.0" encoding="UTF-8"?>
<!-- Generated by org.testng.reporters.JUnitReportReporter -->
<testsuite hostname="DESKTOP-4ENR57E" failures="0" tests="1" name="com.urbantreasurelimited.ecommerce.adminlogintest.LoginToApplicationAsAdminTest" time="15.146" errors="0" timestamp="2024-10-22T17:53:17 IST" skipped="0">
  <testcase classname="com.urbantreasurelimited.ecommerce.adminlogintest.LoginToApplicationAsAdminTest" name="loginToApplicationAsAdminTest" time="15.146"/>
</testsuite> <!-- com.urbantreasurelimited.ecommerce.adminlogintest.LoginToApplicationAsAdminTest -->
