<?xml version="1.0" encoding="UTF-8"?>
<!-- Generated by org.testng.reporters.JUnitReportReporter -->
<testsuite hostname="DESKTOP-4ENR57E" failures="0" tests="1" name="com.urbantreasurelimited.ecommerce.carttest.CartTest" time="101.855" errors="0" timestamp="2024-10-25T12:11:13 IST" skipped="0">
  <testcase classname="com.urbantreasurelimited.ecommerce.carttest.CartTest" name="addingMultipleProductToUpdateAndDeleteTest" time="101.855"/>
</testsuite> <!-- com.urbantreasurelimited.ecommerce.carttest.CartTest -->
