<?xml version="1.0" encoding="UTF-8"?>
<!-- Generated by org.testng.reporters.JUnitReportReporter -->
<testsuite hostname="DESKTOP-4ENR57E" failures="0" tests="1" name="com.urbantreasurelimited.ecommerce.adminproductest.ProductTest" time="33.856" errors="0" timestamp="2024-10-24T13:23:06 IST" skipped="0">
  <testcase classname="com.urbantreasurelimited.ecommerce.adminproductest.ProductTest" name="InsetProductAndVerifyInsetedProductTest" time="33.856"/>
</testsuite> <!-- com.urbantreasurelimited.ecommerce.adminproductest.ProductTest -->
