<?xml version="1.0" encoding="UTF-8"?>
<!-- Generated by org.testng.reporters.JUnitReportReporter -->
<testsuite hostname="DESKTOP-4ENR57E" failures="0" tests="1" name="com.urbantreasurelimited.ecommerce.categorytest.CategoryTest" time="13.539" errors="0" timestamp="2024-10-22T19:10:28 IST" skipped="0">
  <testcase classname="com.urbantreasurelimited.ecommerce.categorytest.CategoryTest" name="createCategoryTest" time="13.539"/>
</testsuite> <!-- com.urbantreasurelimited.ecommerce.categorytest.CategoryTest -->
